Using pre-set license
Built from '2020.2/release' branch; Version is '2020.2.1f1 (270dd8c3da1c) revision 2559448'; Using compiler version '192528614'; Build Type 'Release'
OS: 'Windows 10  (10.0.0) 64bit' Language: 'es' Physical Memory: 16295 MB
BatchMode: 1, IsHumanControllingUs: 0, StartBugReporterOnCrash: 0, Is64bit: 1, IsPro: 0

 COMMAND LINE ARGUMENTS:
C:\Program Files\Unity\Hub\Editor\2020.2.1f1\Editor\Unity.exe
-adb2
-batchMode
-noUpm
-name
AssetImportWorker0
-projectPath
D:/Nat/OneDrive/Documentos/_Work/Nat Valentine Games/Flappy Worm
-logFile
Logs/AssetImportWorker0.log
-srvPort
50177
Successfully changed project path to: D:/Nat/OneDrive/Documentos/_Work/Nat Valentine Games/Flappy Worm
D:/Nat/OneDrive/Documentos/_Work/Nat Valentine Games/Flappy Worm
Using Asset Import Pipeline V2.
Refreshing native plugins compatible for Editor in 33.96 ms, found 1 plugins.
Preloading 0 native plugins for Editor in 0.00 ms.
Initialize engine version: 2020.2.1f1 (270dd8c3da1c)
[Subsystems] Discovering subsystems at path C:/Program Files/Unity/Hub/Editor/2020.2.1f1/Editor/Data/Resources/UnitySubsystems
[Subsystems] Discovering subsystems at path D:/Nat/OneDrive/Documentos/_Work/Nat Valentine Games/Flappy Worm/Assets
GfxDevice: creating device client; threaded=0
Direct3D:
    Version:  Direct3D 11.0 [level 11.1]
    Renderer: NVIDIA GeForce GTX 1660 Ti (ID=0x2182)
    Vendor:   
    VRAM:     5991 MB
    Driver:   27.21.14.6079
Initialize mono
Mono path[0] = 'C:/Program Files/Unity/Hub/Editor/2020.2.1f1/Editor/Data/Managed'
Mono path[1] = 'C:/Program Files/Unity/Hub/Editor/2020.2.1f1/Editor/Data/MonoBleedingEdge/lib/mono/unityjit'
Mono config path = 'C:/Program Files/Unity/Hub/Editor/2020.2.1f1/Editor/Data/MonoBleedingEdge/etc'
Using monoOptions --debugger-agent=transport=dt_socket,embedding=1,server=y,suspend=n,address=127.0.0.1:56504
Begin MonoManager ReloadAssembly
Registering precompiled unity dll's ...
Register platform support module: C:/Program Files/Unity/Hub/Editor/2020.2.1f1/Editor/Data/PlaybackEngines/WebGLSupport/UnityEditor.WebGL.Extensions.dll
Register platform support module: C:/Program Files/Unity/Hub/Editor/2020.2.1f1/Editor/Data/PlaybackEngines/WindowsStandaloneSupport/UnityEditor.WindowsStandalone.Extensions.dll
Registered in 0.001729 seconds.
Native extension for WindowsStandalone target not found
Native extension for WebGL target not found
Refreshing native plugins compatible for Editor in 33.04 ms, found 1 plugins.
Preloading 0 native plugins for Editor in 0.00 ms.
Invoked RoslynAnalysisRunner static constructor.
RoslynAnalysisRunner will not be running.
RoslynAnalysisRunner has terminated.
Mono: successfully reloaded assembly
- Completed reload, in  1.962 seconds
Platform modules already initialized, skipping
Registering precompiled user dll's ...
Registered in 0.001047 seconds.
Begin MonoManager ReloadAssembly
Native extension for WindowsStandalone target not found
Native extension for WebGL target not found
Refreshing native plugins compatible for Editor in 33.05 ms, found 1 plugins.
Preloading 0 native plugins for Editor in 0.00 ms.
Invoked RoslynAnalysisRunner static constructor.
RoslynAnalysisRunner will not be running.
RoslynAnalysisRunner has terminated.
Mono: successfully reloaded assembly
- Completed reload, in  0.867 seconds
Platform modules already initialized, skipping
========================================================================
Worker process is ready to serve import requests
Launched and connected shader compiler UnityShaderCompiler.exe after 0.04 seconds
Refreshing native plugins compatible for Editor in 0.30 ms, found 1 plugins.
Preloading 0 native plugins for Editor in 0.00 ms.
Unloading 1791 Unused Serialized files (Serialized files now loaded: 0)
System memory in use before: 83.7 MB.
System memory in use after: 83.7 MB.

Unloading 24 unused Assets to reduce memory usage. Loaded Objects now: 2231.
Total: 2.040000 ms (FindLiveObjects: 0.166100 ms CreateObjectMapping: 0.071000 ms MarkObjects: 1.705500 ms  DeleteObjects: 0.096400 ms)

========================================================================
Received Import Request.
  path: Assets/Scripts/ScrollingObj.cs
  artifactKey: Guid(b69198a5ce6eb054d9057abfd8f65e56) Importer(815301076,1909f56bfc062723c751e8b465ee728b)
Start importing Assets/Scripts/ScrollingObj.cs using Guid(b69198a5ce6eb054d9057abfd8f65e56) Importer(815301076,1909f56bfc062723c751e8b465ee728b)  -> (artifact id: '3ee48ab8c09579a87c1b360e5382a1b8') in 0.027702 seconds
  Import took 0.030636 seconds .

========================================================================
Received Import Request.
  Time since last request: 603.399356 seconds.
  path: Assets/Sprites/Rock2.png
  artifactKey: Guid(c1f5121ec2ecf994d8c2e4094f20423b) Importer(815301076,1909f56bfc062723c751e8b465ee728b)
Start importing Assets/Sprites/Rock2.png using Guid(c1f5121ec2ecf994d8c2e4094f20423b) Importer(815301076,1909f56bfc062723c751e8b465ee728b)  -> (artifact id: '992d31c12a576915a80e55e41052f001') in 0.097239 seconds
  Import took 0.100940 seconds .

========================================================================
Received Prepare
Registering precompiled user dll's ...
Registered in 0.001077 seconds.
Begin MonoManager ReloadAssembly
Native extension for WindowsStandalone target not found
Native extension for WebGL target not found
Refreshing native plugins compatible for Editor in 0.33 ms, found 1 plugins.
Preloading 0 native plugins for Editor in 0.00 ms.
Invoked RoslynAnalysisRunner static constructor.
RoslynAnalysisRunner will not be running.
RoslynAnalysisRunner has terminated.
Mono: successfully reloaded assembly
- Completed reload, in  0.775 seconds
Platform modules already initialized, skipping
Refreshing native plugins compatible for Editor in 0.32 ms, found 1 plugins.
Preloading 0 native plugins for Editor in 0.00 ms.
Unloading 1786 Unused Serialized files (Serialized files now loaded: 0)
System memory in use before: 86.8 MB.
System memory in use after: 86.8 MB.

Unloading 12 unused Assets to reduce memory usage. Loaded Objects now: 2240.
Total: 1.868900 ms (FindLiveObjects: 0.152500 ms CreateObjectMapping: 0.057600 ms MarkObjects: 1.558000 ms  DeleteObjects: 0.099900 ms)

========================================================================
Received Import Request.
  Time since last request: 377.197246 seconds.
  path: Assets/Scripts/RepeatingBackGround.cs
  artifactKey: Guid(9b31db7cf9d12c04c8e8840470af3d07) Importer(815301076,1909f56bfc062723c751e8b465ee728b)
Start importing Assets/Scripts/RepeatingBackGround.cs using Guid(9b31db7cf9d12c04c8e8840470af3d07) Importer(815301076,1909f56bfc062723c751e8b465ee728b)  -> (artifact id: 'bff86f44501c5ff16cdd88ef3086a126') in 0.004167 seconds
  Import took 0.008259 seconds .

========================================================================
Received Import Request.
  Time since last request: 0.000844 seconds.
  path: Assets/Scripts/RepeatingBackGround.cs
  artifactKey: Guid(9b31db7cf9d12c04c8e8840470af3d07) Importer(815301076,1909f56bfc062723c751e8b465ee728b)
Start importing Assets/Scripts/RepeatingBackGround.cs using Guid(9b31db7cf9d12c04c8e8840470af3d07) Importer(815301076,1909f56bfc062723c751e8b465ee728b)  -> (artifact id: 'bff86f44501c5ff16cdd88ef3086a126') in 0.001686 seconds
  Import took 0.004916 seconds .

========================================================================
Received Prepare
Registering precompiled user dll's ...
Registered in 0.001095 seconds.
Begin MonoManager ReloadAssembly
Native extension for WindowsStandalone target not found
Native extension for WebGL target not found
Refreshing native plugins compatible for Editor in 0.31 ms, found 1 plugins.
Preloading 0 native plugins for Editor in 0.00 ms.
Invoked RoslynAnalysisRunner static constructor.
RoslynAnalysisRunner will not be running.
RoslynAnalysisRunner has terminated.
Mono: successfully reloaded assembly
- Completed reload, in  0.789 seconds
Platform modules already initialized, skipping
Refreshing native plugins compatible for Editor in 0.31 ms, found 1 plugins.
Preloading 0 native plugins for Editor in 0.00 ms.
Unloading 1787 Unused Serialized files (Serialized files now loaded: 0)
System memory in use before: 86.9 MB.
System memory in use after: 86.9 MB.

Unloading 12 unused Assets to reduce memory usage. Loaded Objects now: 2244.
Total: 1.852900 ms (FindLiveObjects: 0.151800 ms CreateObjectMapping: 0.056500 ms MarkObjects: 1.561200 ms  DeleteObjects: 0.082500 ms)

========================================================================
Received Prepare
Registering precompiled user dll's ...
Registered in 0.001022 seconds.
Begin MonoManager ReloadAssembly
Native extension for WindowsStandalone target not found
Native extension for WebGL target not found
Refreshing native plugins compatible for Editor in 0.31 ms, found 1 plugins.
Preloading 0 native plugins for Editor in 0.00 ms.
Invoked RoslynAnalysisRunner static constructor.
RoslynAnalysisRunner will not be running.
RoslynAnalysisRunner has terminated.
Mono: successfully reloaded assembly
- Completed reload, in  0.761 seconds
Platform modules already initialized, skipping
Refreshing native plugins compatible for Editor in 0.31 ms, found 1 plugins.
Preloading 0 native plugins for Editor in 0.00 ms.
Unloading 1787 Unused Serialized files (Serialized files now loaded: 0)
System memory in use before: 87.0 MB.
System memory in use after: 87.0 MB.

Unloading 12 unused Assets to reduce memory usage. Loaded Objects now: 2247.
Total: 1.919400 ms (FindLiveObjects: 0.150600 ms CreateObjectMapping: 0.058900 ms MarkObjects: 1.579800 ms  DeleteObjects: 0.129100 ms)

========================================================================
Received Import Request.
  Time since last request: 428.226334 seconds.
  path: Assets/Sprites/Rocks2.png
  artifactKey: Guid(ed5258f4797787442857ba1365b27f7b) Importer(815301076,1909f56bfc062723c751e8b465ee728b)
Start importing Assets/Sprites/Rocks2.png using Guid(ed5258f4797787442857ba1365b27f7b) Importer(815301076,1909f56bfc062723c751e8b465ee728b)  -> (artifact id: 'f6395031def9cc7dded293e903d85eec') in 0.049730 seconds
  Import took 0.061441 seconds .

========================================================================
Received Prepare
Registering precompiled user dll's ...
Registered in 0.001068 seconds.
Begin MonoManager ReloadAssembly
Native extension for WindowsStandalone target not found
Native extension for WebGL target not found
Refreshing native plugins compatible for Editor in 0.31 ms, found 1 plugins.
Preloading 0 native plugins for Editor in 0.00 ms.
Invoked RoslynAnalysisRunner static constructor.
RoslynAnalysisRunner will not be running.
RoslynAnalysisRunner has terminated.
Mono: successfully reloaded assembly
- Completed reload, in  0.776 seconds
Platform modules already initialized, skipping
Refreshing native plugins compatible for Editor in 0.37 ms, found 1 plugins.
Preloading 0 native plugins for Editor in 0.00 ms.
Unloading 1787 Unused Serialized files (Serialized files now loaded: 0)
System memory in use before: 87.1 MB.
System memory in use after: 87.1 MB.

Unloading 12 unused Assets to reduce memory usage. Loaded Objects now: 2253.
Total: 2.026300 ms (FindLiveObjects: 0.169600 ms CreateObjectMapping: 0.068400 ms MarkObjects: 1.690900 ms  DeleteObjects: 0.096500 ms)

========================================================================
Received Prepare
Registering precompiled user dll's ...
Registered in 0.001125 seconds.
Begin MonoManager ReloadAssembly
Native extension for WindowsStandalone target not found
Native extension for WebGL target not found
Refreshing native plugins compatible for Editor in 0.31 ms, found 1 plugins.
Preloading 0 native plugins for Editor in 0.00 ms.
Invoked RoslynAnalysisRunner static constructor.
RoslynAnalysisRunner will not be running.
RoslynAnalysisRunner has terminated.
Mono: successfully reloaded assembly
- Completed reload, in  0.768 seconds
Platform modules already initialized, skipping
Refreshing native plugins compatible for Editor in 0.32 ms, found 1 plugins.
Preloading 0 native plugins for Editor in 0.00 ms.
Unloading 1787 Unused Serialized files (Serialized files now loaded: 0)
System memory in use before: 87.1 MB.
System memory in use after: 87.1 MB.

Unloading 12 unused Assets to reduce memory usage. Loaded Objects now: 2256.
Total: 1.844400 ms (FindLiveObjects: 0.164600 ms CreateObjectMapping: 0.061100 ms MarkObjects: 1.533900 ms  DeleteObjects: 0.083600 ms)

========================================================================
Received Import Request.
  Time since last request: 569.065188 seconds.
  path: Assets/Scripts/ScrollingObj.cs
  artifactKey: Guid(b69198a5ce6eb054d9057abfd8f65e56) Importer(815301076,1909f56bfc062723c751e8b465ee728b)
Start importing Assets/Scripts/ScrollingObj.cs using Guid(b69198a5ce6eb054d9057abfd8f65e56) Importer(815301076,1909f56bfc062723c751e8b465ee728b)  -> (artifact id: '6ab283e8000c95277247cfdb1f58ffbb') in 0.003535 seconds
  Import took 0.006723 seconds .

========================================================================
Received Import Request.
  Time since last request: 0.001937 seconds.
  path: Assets/Scripts/ScrollingObj.cs
  artifactKey: Guid(b69198a5ce6eb054d9057abfd8f65e56) Importer(815301076,1909f56bfc062723c751e8b465ee728b)
Start importing Assets/Scripts/ScrollingObj.cs using Guid(b69198a5ce6eb054d9057abfd8f65e56) Importer(815301076,1909f56bfc062723c751e8b465ee728b)  -> (artifact id: '6ab283e8000c95277247cfdb1f58ffbb') in 0.001380 seconds
  Import took 0.004900 seconds .

========================================================================
Received Import Request.
  Time since last request: 36.256093 seconds.
  path: Assets/Prefabs
  artifactKey: Guid(5ba51bf2468fb524490d78ed2bbe391e) Importer(815301076,1909f56bfc062723c751e8b465ee728b)
Start importing Assets/Prefabs using Guid(5ba51bf2468fb524490d78ed2bbe391e) Importer(815301076,1909f56bfc062723c751e8b465ee728b)  -> (artifact id: 'b530452abd26d6370802cc8e3c5d6cb4') in 0.001452 seconds
  Import took 0.004893 seconds .

========================================================================
Received Import Request.
  Time since last request: 0.000329 seconds.
  path: Assets/Prefabs
  artifactKey: Guid(5ba51bf2468fb524490d78ed2bbe391e) Importer(815301076,1909f56bfc062723c751e8b465ee728b)
Start importing Assets/Prefabs using Guid(5ba51bf2468fb524490d78ed2bbe391e) Importer(815301076,1909f56bfc062723c751e8b465ee728b)  -> (artifact id: 'b530452abd26d6370802cc8e3c5d6cb4') in 0.001343 seconds
  Import took 0.004230 seconds .

========================================================================
Received Import Request.
  Time since last request: 7.916744 seconds.
  path: Assets/Prefabs/Rocks2.prefab
  artifactKey: Guid(27069fff8a46c034a8063cc625ba11c0) Importer(815301076,1909f56bfc062723c751e8b465ee728b)
Start importing Assets/Prefabs/Rocks2.prefab using Guid(27069fff8a46c034a8063cc625ba11c0) Importer(815301076,1909f56bfc062723c751e8b465ee728b)  -> (artifact id: 'e4e2b0115e31d0036377dd31391cf9d4') in 0.055875 seconds
  Import took 0.059452 seconds .

========================================================================
Received Import Request.
  Time since last request: 5.856049 seconds.
  path: Assets/Prefabs/Ground.prefab
  artifactKey: Guid(27069fff8a46c034a8063cc625ba11c0) Importer(815301076,1909f56bfc062723c751e8b465ee728b)
Start importing Assets/Prefabs/Ground.prefab using Guid(27069fff8a46c034a8063cc625ba11c0) Importer(815301076,1909f56bfc062723c751e8b465ee728b)  -> (artifact id: 'cb01aba8844ee0ed993ed012952be049') in 0.011768 seconds
  Import took 0.031023 seconds .

========================================================================
Received Import Request.
  Time since last request: 110.674370 seconds.
  path: Assets/Scripts/RepeatingBackGround.cs
  artifactKey: Guid(9b31db7cf9d12c04c8e8840470af3d07) Importer(815301076,1909f56bfc062723c751e8b465ee728b)
Start importing Assets/Scripts/RepeatingBackGround.cs using Guid(9b31db7cf9d12c04c8e8840470af3d07) Importer(815301076,1909f56bfc062723c751e8b465ee728b)  -> (artifact id: 'e3144e2861b95ff5e938468a8d3afedb') in 0.001300 seconds
  Import took 0.004482 seconds .

========================================================================
Received Import Request.
  Time since last request: 0.025713 seconds.
  path: Assets/Scripts/RepeatingBackGround.cs
  artifactKey: Guid(9b31db7cf9d12c04c8e8840470af3d07) Importer(815301076,1909f56bfc062723c751e8b465ee728b)
Start importing Assets/Scripts/RepeatingBackGround.cs using Guid(9b31db7cf9d12c04c8e8840470af3d07) Importer(815301076,1909f56bfc062723c751e8b465ee728b)  -> (artifact id: 'e3144e2861b95ff5e938468a8d3afedb') in 0.001443 seconds
  Import took 0.004824 seconds .

========================================================================
Received Prepare
Registering precompiled user dll's ...
Registered in 0.001154 seconds.
Begin MonoManager ReloadAssembly
Native extension for WindowsStandalone target not found
Native extension for WebGL target not found
Refreshing native plugins compatible for Editor in 0.32 ms, found 1 plugins.
Preloading 0 native plugins for Editor in 0.00 ms.
Invoked RoslynAnalysisRunner static constructor.
RoslynAnalysisRunner will not be running.
RoslynAnalysisRunner has terminated.
Mono: successfully reloaded assembly
- Completed reload, in  0.758 seconds
Platform modules already initialized, skipping
Refreshing native plugins compatible for Editor in 0.31 ms, found 1 plugins.
Preloading 0 native plugins for Editor in 0.00 ms.
Unloading 1787 Unused Serialized files (Serialized files now loaded: 0)
System memory in use before: 87.2 MB.
System memory in use after: 87.2 MB.

Unloading 12 unused Assets to reduce memory usage. Loaded Objects now: 2264.
Total: 2.050900 ms (FindLiveObjects: 0.175500 ms CreateObjectMapping: 0.067500 ms MarkObjects: 1.714900 ms  DeleteObjects: 0.092100 ms)

========================================================================
Received Import Request.
  Time since last request: 81.895528 seconds.
  path: Assets/Scripts/RepeatingBackground.cs
  artifactKey: Guid(9b31db7cf9d12c04c8e8840470af3d07) Importer(815301076,1909f56bfc062723c751e8b465ee728b)
Start importing Assets/Scripts/RepeatingBackground.cs using Guid(9b31db7cf9d12c04c8e8840470af3d07) Importer(815301076,1909f56bfc062723c751e8b465ee728b)  -> (artifact id: '2f0f49ca790f2a2d53d195f2c41393f2') in 0.003969 seconds
  Import took 0.021296 seconds .

========================================================================
Received Prepare
Registering precompiled user dll's ...
Registered in 0.001054 seconds.
Begin MonoManager ReloadAssembly
Native extension for WindowsStandalone target not found
Native extension for WebGL target not found
Refreshing native plugins compatible for Editor in 0.32 ms, found 1 plugins.
Preloading 0 native plugins for Editor in 0.00 ms.
Invoked RoslynAnalysisRunner static constructor.
RoslynAnalysisRunner will not be running.
RoslynAnalysisRunner has terminated.
Mono: successfully reloaded assembly
- Completed reload, in  0.769 seconds
Platform modules already initialized, skipping
Refreshing native plugins compatible for Editor in 0.32 ms, found 1 plugins.
Preloading 0 native plugins for Editor in 0.00 ms.
Unloading 1787 Unused Serialized files (Serialized files now loaded: 0)
System memory in use before: 87.3 MB.
System memory in use after: 87.3 MB.

Unloading 12 unused Assets to reduce memory usage. Loaded Objects now: 2267.
Total: 1.929700 ms (FindLiveObjects: 0.174200 ms CreateObjectMapping: 0.073600 ms MarkObjects: 1.595100 ms  DeleteObjects: 0.085600 ms)

========================================================================
Received Import Request.
  Time since last request: 27.865940 seconds.
  path: Assets/Prefabs/Ground.prefab
  artifactKey: Guid(27069fff8a46c034a8063cc625ba11c0) Importer(815301076,1909f56bfc062723c751e8b465ee728b)
Start importing Assets/Prefabs/Ground.prefab using Guid(27069fff8a46c034a8063cc625ba11c0) Importer(815301076,1909f56bfc062723c751e8b465ee728b)  -> (artifact id: 'e6f603c9812752f958dbeeca6e25cc52') in 0.045644 seconds
  Import took 0.048777 seconds .

========================================================================
Received Import Request.
  Time since last request: 5.610241 seconds.
  path: Assets/Prefabs/Ground.prefab
  artifactKey: Guid(27069fff8a46c034a8063cc625ba11c0) Importer(815301076,1909f56bfc062723c751e8b465ee728b)
Start importing Assets/Prefabs/Ground.prefab using Guid(27069fff8a46c034a8063cc625ba11c0) Importer(815301076,1909f56bfc062723c751e8b465ee728b)  -> (artifact id: '992d2f75517786dc1288d37733e5918f') in 0.009923 seconds
  Import took 0.013361 seconds .

========================================================================
Received Import Request.
  Time since last request: 0.004230 seconds.
  path: Assets/Prefabs/Ground.prefab
  artifactKey: Guid(27069fff8a46c034a8063cc625ba11c0) Importer(815301076,1909f56bfc062723c751e8b465ee728b)
Start importing Assets/Prefabs/Ground.prefab using Guid(27069fff8a46c034a8063cc625ba11c0) Importer(815301076,1909f56bfc062723c751e8b465ee728b)  -> (artifact id: '992d2f75517786dc1288d37733e5918f') in 0.008027 seconds
  Import took 0.011205 seconds .

========================================================================
Received Prepare
Registering precompiled user dll's ...
Registered in 0.001066 seconds.
Begin MonoManager ReloadAssembly
Native extension for WindowsStandalone target not found
Native extension for WebGL target not found
Refreshing native plugins compatible for Editor in 0.34 ms, found 1 plugins.
Preloading 0 native plugins for Editor in 0.00 ms.
Invoked RoslynAnalysisRunner static constructor.
RoslynAnalysisRunner will not be running.
RoslynAnalysisRunner has terminated.
Mono: successfully reloaded assembly
- Completed reload, in  0.768 seconds
Platform modules already initialized, skipping
Refreshing native plugins compatible for Editor in 0.32 ms, found 1 plugins.
Preloading 0 native plugins for Editor in 0.00 ms.
Unloading 1787 Unused Serialized files (Serialized files now loaded: 0)
System memory in use before: 87.4 MB.
System memory in use after: 87.4 MB.

Unloading 12 unused Assets to reduce memory usage. Loaded Objects now: 2271.
Total: 1.838100 ms (FindLiveObjects: 0.159300 ms CreateObjectMapping: 0.064100 ms MarkObjects: 1.529400 ms  DeleteObjects: 0.084400 ms)

========================================================================
Received Prepare
Registering precompiled user dll's ...
Registered in 0.001047 seconds.
Begin MonoManager ReloadAssembly
Native extension for WindowsStandalone target not found
Native extension for WebGL target not found
Refreshing native plugins compatible for Editor in 0.32 ms, found 1 plugins.
Preloading 0 native plugins for Editor in 0.00 ms.
Invoked RoslynAnalysisRunner static constructor.
RoslynAnalysisRunner will not be running.
RoslynAnalysisRunner has terminated.
Mono: successfully reloaded assembly
- Completed reload, in  0.770 seconds
Platform modules already initialized, skipping
Refreshing native plugins compatible for Editor in 0.31 ms, found 1 plugins.
Preloading 0 native plugins for Editor in 0.00 ms.
Unloading 1787 Unused Serialized files (Serialized files now loaded: 0)
System memory in use before: 87.5 MB.
System memory in use after: 87.4 MB.

Unloading 12 unused Assets to reduce memory usage. Loaded Objects now: 2274.
Total: 1.826000 ms (FindLiveObjects: 0.159400 ms CreateObjectMapping: 0.063300 ms MarkObjects: 1.515900 ms  DeleteObjects: 0.086400 ms)

========================================================================
Received Prepare
Registering precompiled user dll's ...
Registered in 0.001036 seconds.
Begin MonoManager ReloadAssembly
Native extension for WindowsStandalone target not found
Native extension for WebGL target not found
Refreshing native plugins compatible for Editor in 0.32 ms, found 1 plugins.
Preloading 0 native plugins for Editor in 0.00 ms.
Invoked RoslynAnalysisRunner static constructor.
RoslynAnalysisRunner will not be running.
RoslynAnalysisRunner has terminated.
Mono: successfully reloaded assembly
- Completed reload, in  0.755 seconds
Platform modules already initialized, skipping
Refreshing native plugins compatible for Editor in 0.31 ms, found 1 plugins.
Preloading 0 native plugins for Editor in 0.00 ms.
Unloading 1787 Unused Serialized files (Serialized files now loaded: 0)
System memory in use before: 87.5 MB.
System memory in use after: 87.5 MB.

Unloading 12 unused Assets to reduce memory usage. Loaded Objects now: 2277.
Total: 1.789400 ms (FindLiveObjects: 0.178500 ms CreateObjectMapping: 0.070500 ms MarkObjects: 1.457500 ms  DeleteObjects: 0.081900 ms)

========================================================================
Received Import Request.
  Time since last request: 386.695933 seconds.
  path: Assets/Prefabs/Ground.prefab
  artifactKey: Guid(27069fff8a46c034a8063cc625ba11c0) Importer(815301076,1909f56bfc062723c751e8b465ee728b)
Start importing Assets/Prefabs/Ground.prefab using Guid(27069fff8a46c034a8063cc625ba11c0) Importer(815301076,1909f56bfc062723c751e8b465ee728b)  -> (artifact id: '87ad36d8eb302f34fe8178255fa83340') in 0.049424 seconds
  Import took 0.052224 seconds .

========================================================================
Received Import Request.
  Time since last request: 14.871269 seconds.
  path: Assets/Scripts/RepeatingBackGround.cs
  artifactKey: Guid(9b31db7cf9d12c04c8e8840470af3d07) Importer(815301076,1909f56bfc062723c751e8b465ee728b)
Start importing Assets/Scripts/RepeatingBackGround.cs using Guid(9b31db7cf9d12c04c8e8840470af3d07) Importer(815301076,1909f56bfc062723c751e8b465ee728b)  -> (artifact id: '7c0c66a7c444096bba8022c320d3a580') in 0.001325 seconds
  Import took 0.004322 seconds .

========================================================================
Received Import Request.
  Time since last request: 0.000675 seconds.
  path: Assets/Scripts/RepeatingBackGround.cs
  artifactKey: Guid(9b31db7cf9d12c04c8e8840470af3d07) Importer(815301076,1909f56bfc062723c751e8b465ee728b)
Start importing Assets/Scripts/RepeatingBackGround.cs using Guid(9b31db7cf9d12c04c8e8840470af3d07) Importer(815301076,1909f56bfc062723c751e8b465ee728b)  -> (artifact id: '7c0c66a7c444096bba8022c320d3a580') in 0.001345 seconds
  Import took 0.004500 seconds .

========================================================================
Received Import Request.
  Time since last request: 7.604388 seconds.
  path: Assets/Scripts/RepeatingBackground.cs
  artifactKey: Guid(9b31db7cf9d12c04c8e8840470af3d07) Importer(815301076,1909f56bfc062723c751e8b465ee728b)
Start importing Assets/Scripts/RepeatingBackground.cs using Guid(9b31db7cf9d12c04c8e8840470af3d07) Importer(815301076,1909f56bfc062723c751e8b465ee728b)  -> (artifact id: 'b426aa3ad32761925f635ddef4ef63ff') in 0.001629 seconds
  Import took 0.004691 seconds .

========================================================================
Received Prepare
Registering precompiled user dll's ...
Registered in 0.001051 seconds.
Begin MonoManager ReloadAssembly
Native extension for WindowsStandalone target not found
Native extension for WebGL target not found
Refreshing native plugins compatible for Editor in 0.32 ms, found 1 plugins.
Preloading 0 native plugins for Editor in 0.00 ms.
Invoked RoslynAnalysisRunner static constructor.
RoslynAnalysisRunner will not be running.
RoslynAnalysisRunner has terminated.
Mono: successfully reloaded assembly
- Completed reload, in  0.758 seconds
Platform modules already initialized, skipping
Refreshing native plugins compatible for Editor in 0.33 ms, found 1 plugins.
Preloading 0 native plugins for Editor in 0.00 ms.
Unloading 1787 Unused Serialized files (Serialized files now loaded: 0)
System memory in use before: 87.6 MB.
System memory in use after: 87.6 MB.

Unloading 12 unused Assets to reduce memory usage. Loaded Objects now: 2281.
Total: 1.865300 ms (FindLiveObjects: 0.167200 ms CreateObjectMapping: 0.058300 ms MarkObjects: 1.552700 ms  DeleteObjects: 0.086400 ms)

========================================================================
Received Prepare
Registering precompiled user dll's ...
Registered in 0.001110 seconds.
Begin MonoManager ReloadAssembly
Native extension for WindowsStandalone target not found
Native extension for WebGL target not found
Refreshing native plugins compatible for Editor in 0.34 ms, found 1 plugins.
Preloading 0 native plugins for Editor in 0.00 ms.
Invoked RoslynAnalysisRunner static constructor.
RoslynAnalysisRunner will not be running.
RoslynAnalysisRunner has terminated.
Mono: successfully reloaded assembly
- Completed reload, in  0.760 seconds
Platform modules already initialized, skipping
Refreshing native plugins compatible for Editor in 0.31 ms, found 1 plugins.
Preloading 0 native plugins for Editor in 0.00 ms.
Unloading 1787 Unused Serialized files (Serialized files now loaded: 0)
System memory in use before: 87.7 MB.
System memory in use after: 87.7 MB.

Unloading 12 unused Assets to reduce memory usage. Loaded Objects now: 2284.
Total: 1.883000 ms (FindLiveObjects: 0.146500 ms CreateObjectMapping: 0.056500 ms MarkObjects: 1.558600 ms  DeleteObjects: 0.120500 ms)

========================================================================
Received Import Request.
  Time since last request: 127.933518 seconds.
  path: Assets/Scripts/RepeatingBackGround.cs
  artifactKey: Guid(9b31db7cf9d12c04c8e8840470af3d07) Importer(815301076,1909f56bfc062723c751e8b465ee728b)
Start importing Assets/Scripts/RepeatingBackGround.cs using Guid(9b31db7cf9d12c04c8e8840470af3d07) Importer(815301076,1909f56bfc062723c751e8b465ee728b)  -> (artifact id: 'e17b6729c97153879df7bd6a8f793cca') in 0.003388 seconds
  Import took 0.010145 seconds .

========================================================================
Received Import Request.
  Time since last request: 3.783216 seconds.
  path: Assets/Scripts/RepeatingBackground.cs
  artifactKey: Guid(9b31db7cf9d12c04c8e8840470af3d07) Importer(815301076,1909f56bfc062723c751e8b465ee728b)
Start importing Assets/Scripts/RepeatingBackground.cs using Guid(9b31db7cf9d12c04c8e8840470af3d07) Importer(815301076,1909f56bfc062723c751e8b465ee728b)  -> (artifact id: 'bb1c109c5ecac0b1df181efe474dd011') in 0.001328 seconds
  Import took 0.004428 seconds .

========================================================================
Received Prepare
Registering precompiled user dll's ...
Registered in 0.001061 seconds.
Begin MonoManager ReloadAssembly
Native extension for WindowsStandalone target not found
Native extension for WebGL target not found
Refreshing native plugins compatible for Editor in 0.33 ms, found 1 plugins.
Preloading 0 native plugins for Editor in 0.00 ms.
Invoked RoslynAnalysisRunner static constructor.
RoslynAnalysisRunner will not be running.
RoslynAnalysisRunner has terminated.
Mono: successfully reloaded assembly
- Completed reload, in  0.780 seconds
Platform modules already initialized, skipping
Refreshing native plugins compatible for Editor in 0.32 ms, found 1 plugins.
Preloading 0 native plugins for Editor in 0.00 ms.
Unloading 1787 Unused Serialized files (Serialized files now loaded: 0)
System memory in use before: 87.7 MB.
System memory in use after: 87.7 MB.

Unloading 12 unused Assets to reduce memory usage. Loaded Objects now: 2287.
Total: 1.714900 ms (FindLiveObjects: 0.159600 ms CreateObjectMapping: 0.060300 ms MarkObjects: 1.402300 ms  DeleteObjects: 0.091300 ms)

========================================================================
Received Prepare
Registering precompiled user dll's ...
Registered in 0.001072 seconds.
Begin MonoManager ReloadAssembly
Native extension for WindowsStandalone target not found
Native extension for WebGL target not found
Refreshing native plugins compatible for Editor in 0.32 ms, found 1 plugins.
Preloading 0 native plugins for Editor in 0.00 ms.
Invoked RoslynAnalysisRunner static constructor.
RoslynAnalysisRunner will not be running.
RoslynAnalysisRunner has terminated.
Mono: successfully reloaded assembly
- Completed reload, in  0.762 seconds
Platform modules already initialized, skipping
Refreshing native plugins compatible for Editor in 0.34 ms, found 1 plugins.
Preloading 0 native plugins for Editor in 0.00 ms.
Unloading 1787 Unused Serialized files (Serialized files now loaded: 0)
System memory in use before: 87.8 MB.
System memory in use after: 87.8 MB.

Unloading 12 unused Assets to reduce memory usage. Loaded Objects now: 2290.
Total: 1.879300 ms (FindLiveObjects: 0.152200 ms CreateObjectMapping: 0.055700 ms MarkObjects: 1.545900 ms  DeleteObjects: 0.124700 ms)

========================================================================
Received Import Request.
  Time since last request: 1067.908130 seconds.
  path: ProjectSettings/TagManager.asset
  artifactKey: Guid(00000000000000003000000000000000) Importer(815301076,1909f56bfc062723c751e8b465ee728b)
Start importing ProjectSettings/TagManager.asset using Guid(00000000000000003000000000000000) Importer(815301076,1909f56bfc062723c751e8b465ee728b)  -> (artifact id: 'fdfe1fe4d19bc6c044bf0005d324f2fa') in 0.010975 seconds
  Import took 0.013995 seconds .

========================================================================
Received Import Request.
  Time since last request: 30.988518 seconds.
  path: Assets/Prefabs/Ground.prefab
  artifactKey: Guid(27069fff8a46c034a8063cc625ba11c0) Importer(815301076,1909f56bfc062723c751e8b465ee728b)
Start importing Assets/Prefabs/Ground.prefab using Guid(27069fff8a46c034a8063cc625ba11c0) Importer(815301076,1909f56bfc062723c751e8b465ee728b)  -> (artifact id: '8346579e9bf08f95e9810b942d6523f1') in 0.051023 seconds
  Import took 0.054395 seconds .

========================================================================
Received Import Request.
  Time since last request: 61.946504 seconds.
  path: Assets/Prefabs/Ground.prefab
  artifactKey: Guid(27069fff8a46c034a8063cc625ba11c0) Importer(815301076,1909f56bfc062723c751e8b465ee728b)
Start importing Assets/Prefabs/Ground.prefab using Guid(27069fff8a46c034a8063cc625ba11c0) Importer(815301076,1909f56bfc062723c751e8b465ee728b)  -> (artifact id: 'e2ae5ef4b8639925a652d8b543ca4e0c') in 0.035920 seconds
  Import took 0.039046 seconds .

========================================================================
Received Import Request.
  Time since last request: 311.845449 seconds.
  path: Assets/Scripts/New Folder
  artifactKey: Guid(e64caae0b6a6a7f4abfeb47bd3335b19) Importer(815301076,1909f56bfc062723c751e8b465ee728b)
Start importing Assets/Scripts/New Folder using Guid(e64caae0b6a6a7f4abfeb47bd3335b19) Importer(815301076,1909f56bfc062723c751e8b465ee728b)  -> (artifact id: '8cad2fa7556e2aa2b5cec3dcf68140ce') in 0.001413 seconds
  Import took 0.004989 seconds .

========================================================================
Received Import Request.
  Time since last request: 9.302840 seconds.
  path: Assets/Scripts/Obstacle.cs
  artifactKey: Guid(d610d3e494f902d4e805f3a436d56203) Importer(815301076,1909f56bfc062723c751e8b465ee728b)
Start importing Assets/Scripts/Obstacle.cs using Guid(d610d3e494f902d4e805f3a436d56203) Importer(815301076,1909f56bfc062723c751e8b465ee728b)  -> (artifact id: 'c45271eb63ec4faabeb008fd133cd9b0') in 0.001666 seconds
  Import took 0.005070 seconds .

========================================================================
Received Prepare
Registering precompiled user dll's ...
Registered in 0.001066 seconds.
Begin MonoManager ReloadAssembly
Native extension for WindowsStandalone target not found
Native extension for WebGL target not found
Refreshing native plugins compatible for Editor in 0.35 ms, found 1 plugins.
Preloading 0 native plugins for Editor in 0.00 ms.
Invoked RoslynAnalysisRunner static constructor.
RoslynAnalysisRunner will not be running.
RoslynAnalysisRunner has terminated.
Mono: successfully reloaded assembly
- Completed reload, in  0.793 seconds
Platform modules already initialized, skipping
Refreshing native plugins compatible for Editor in 0.34 ms, found 1 plugins.
Preloading 0 native plugins for Editor in 0.00 ms.
Unloading 1788 Unused Serialized files (Serialized files now loaded: 0)
System memory in use before: 87.9 MB.
System memory in use after: 87.9 MB.

Unloading 13 unused Assets to reduce memory usage. Loaded Objects now: 2295.
Total: 2.368800 ms (FindLiveObjects: 0.184100 ms CreateObjectMapping: 0.069200 ms MarkObjects: 2.015200 ms  DeleteObjects: 0.098800 ms)

========================================================================
Received Prepare
Registering precompiled user dll's ...
Registered in 0.001034 seconds.
Begin MonoManager ReloadAssembly
Native extension for WindowsStandalone target not found
Native extension for WebGL target not found
Refreshing native plugins compatible for Editor in 0.31 ms, found 1 plugins.
Preloading 0 native plugins for Editor in 0.00 ms.
Invoked RoslynAnalysisRunner static constructor.
RoslynAnalysisRunner will not be running.
RoslynAnalysisRunner has terminated.
Mono: successfully reloaded assembly
- Completed reload, in  0.767 seconds
Platform modules already initialized, skipping
Refreshing native plugins compatible for Editor in 0.30 ms, found 1 plugins.
Preloading 0 native plugins for Editor in 0.00 ms.
Unloading 1788 Unused Serialized files (Serialized files now loaded: 0)
System memory in use before: 87.9 MB.
System memory in use after: 87.9 MB.

Unloading 12 unused Assets to reduce memory usage. Loaded Objects now: 2298.
Total: 2.050300 ms (FindLiveObjects: 0.338800 ms CreateObjectMapping: 0.056100 ms MarkObjects: 1.568800 ms  DeleteObjects: 0.085900 ms)

========================================================================
Received Prepare
Registering precompiled user dll's ...
Registered in 0.001088 seconds.
Begin MonoManager ReloadAssembly
Native extension for WindowsStandalone target not found
Native extension for WebGL target not found
Refreshing native plugins compatible for Editor in 0.43 ms, found 1 plugins.
Preloading 0 native plugins for Editor in 0.00 ms.
Invoked RoslynAnalysisRunner static constructor.
RoslynAnalysisRunner will not be running.
RoslynAnalysisRunner has terminated.
Mono: successfully reloaded assembly
- Completed reload, in  0.746 seconds
Platform modules already initialized, skipping
Refreshing native plugins compatible for Editor in 0.31 ms, found 1 plugins.
Preloading 0 native plugins for Editor in 0.00 ms.
Unloading 1788 Unused Serialized files (Serialized files now loaded: 0)
System memory in use before: 88.0 MB.
System memory in use after: 88.0 MB.

Unloading 12 unused Assets to reduce memory usage. Loaded Objects now: 2301.
Total: 1.817600 ms (FindLiveObjects: 0.178700 ms CreateObjectMapping: 0.071700 ms MarkObjects: 1.484700 ms  DeleteObjects: 0.081800 ms)

========================================================================
Received Import Request.
  Time since last request: 418.350541 seconds.
  path: Assets/Prefabs/Obstacle.prefab
  artifactKey: Guid(50a08e015a0c0da4895dd5a27aa86ccb) Importer(815301076,1909f56bfc062723c751e8b465ee728b)
Start importing Assets/Prefabs/Obstacle.prefab using Guid(50a08e015a0c0da4895dd5a27aa86ccb) Importer(815301076,1909f56bfc062723c751e8b465ee728b)  -> (artifact id: '0d76abb690d3e7c4bd4fa9f17bac9b2b') in 0.066264 seconds
  Import took 0.069249 seconds .

========================================================================
Received Prepare
Registering precompiled user dll's ...
Registered in 0.001085 seconds.
Begin MonoManager ReloadAssembly
Native extension for WindowsStandalone target not found
Native extension for WebGL target not found
Refreshing native plugins compatible for Editor in 0.32 ms, found 1 plugins.
Preloading 0 native plugins for Editor in 0.00 ms.
Invoked RoslynAnalysisRunner static constructor.
RoslynAnalysisRunner will not be running.
RoslynAnalysisRunner has terminated.
Mono: successfully reloaded assembly
- Completed reload, in  0.728 seconds
Platform modules already initialized, skipping
Refreshing native plugins compatible for Editor in 0.30 ms, found 1 plugins.
Preloading 0 native plugins for Editor in 0.00 ms.
Unloading 1788 Unused Serialized files (Serialized files now loaded: 0)
System memory in use before: 88.1 MB.
System memory in use after: 88.1 MB.

Unloading 12 unused Assets to reduce memory usage. Loaded Objects now: 2305.
Total: 1.815100 ms (FindLiveObjects: 0.156900 ms CreateObjectMapping: 0.058300 ms MarkObjects: 1.495400 ms  DeleteObjects: 0.103700 ms)

========================================================================
Received Prepare
Registering precompiled user dll's ...
Registered in 0.001061 seconds.
Begin MonoManager ReloadAssembly
Native extension for WindowsStandalone target not found
Native extension for WebGL target not found
Refreshing native plugins compatible for Editor in 0.33 ms, found 1 plugins.
Preloading 0 native plugins for Editor in 0.00 ms.
Invoked RoslynAnalysisRunner static constructor.
RoslynAnalysisRunner will not be running.
RoslynAnalysisRunner has terminated.
Mono: successfully reloaded assembly
- Completed reload, in  0.767 seconds
Platform modules already initialized, skipping
Refreshing native plugins compatible for Editor in 0.33 ms, found 1 plugins.
Preloading 0 native plugins for Editor in 0.00 ms.
Unloading 1788 Unused Serialized files (Serialized files now loaded: 0)
System memory in use before: 88.2 MB.
System memory in use after: 88.2 MB.

Unloading 12 unused Assets to reduce memory usage. Loaded Objects now: 2308.
Total: 2.044200 ms (FindLiveObjects: 0.164400 ms CreateObjectMapping: 0.062500 ms MarkObjects: 1.715700 ms  DeleteObjects: 0.100500 ms)

========================================================================
Received Prepare
Registering precompiled user dll's ...
Registered in 0.001043 seconds.
Begin MonoManager ReloadAssembly
Native extension for WindowsStandalone target not found
Native extension for WebGL target not found
Refreshing native plugins compatible for Editor in 0.32 ms, found 1 plugins.
Preloading 0 native plugins for Editor in 0.00 ms.
Invoked RoslynAnalysisRunner static constructor.
RoslynAnalysisRunner will not be running.
RoslynAnalysisRunner has terminated.
Mono: successfully reloaded assembly
- Completed reload, in  0.755 seconds
Platform modules already initialized, skipping
Refreshing native plugins compatible for Editor in 0.31 ms, found 1 plugins.
Preloading 0 native plugins for Editor in 0.00 ms.
Unloading 1788 Unused Serialized files (Serialized files now loaded: 0)
System memory in use before: 88.2 MB.
System memory in use after: 88.2 MB.

Unloading 12 unused Assets to reduce memory usage. Loaded Objects now: 2311.
Total: 1.816300 ms (FindLiveObjects: 0.150000 ms CreateObjectMapping: 0.055000 ms MarkObjects: 1.527400 ms  DeleteObjects: 0.082800 ms)

========================================================================
Received Prepare
Registering precompiled user dll's ...
Registered in 0.001103 seconds.
Begin MonoManager ReloadAssembly
Native extension for WindowsStandalone target not found
Native extension for WebGL target not found
Refreshing native plugins compatible for Editor in 0.33 ms, found 1 plugins.
Preloading 0 native plugins for Editor in 0.00 ms.
Invoked RoslynAnalysisRunner static constructor.
RoslynAnalysisRunner will not be running.
RoslynAnalysisRunner has terminated.
Mono: successfully reloaded assembly
- Completed reload, in  0.760 seconds
Platform modules already initialized, skipping
Refreshing native plugins compatible for Editor in 0.34 ms, found 1 plugins.
Preloading 0 native plugins for Editor in 0.00 ms.
Unloading 1788 Unused Serialized files (Serialized files now loaded: 0)
System memory in use before: 88.3 MB.
System memory in use after: 88.3 MB.

Unloading 12 unused Assets to reduce memory usage. Loaded Objects now: 2314.
Total: 1.882000 ms (FindLiveObjects: 0.203800 ms CreateObjectMapping: 0.077300 ms MarkObjects: 1.514100 ms  DeleteObjects: 0.086000 ms)

========================================================================
Received Prepare
Registering precompiled user dll's ...
Registered in 0.001106 seconds.
Begin MonoManager ReloadAssembly
Native extension for WindowsStandalone target not found
Native extension for WebGL target not found
Refreshing native plugins compatible for Editor in 0.33 ms, found 1 plugins.
Preloading 0 native plugins for Editor in 0.00 ms.
Invoked RoslynAnalysisRunner static constructor.
RoslynAnalysisRunner will not be running.
RoslynAnalysisRunner has terminated.
Mono: successfully reloaded assembly
- Completed reload, in  0.768 seconds
Platform modules already initialized, skipping
Refreshing native plugins compatible for Editor in 0.33 ms, found 1 plugins.
Preloading 0 native plugins for Editor in 0.00 ms.
Unloading 1788 Unused Serialized files (Serialized files now loaded: 0)
System memory in use before: 88.4 MB.
System memory in use after: 88.4 MB.

Unloading 12 unused Assets to reduce memory usage. Loaded Objects now: 2317.
Total: 1.858900 ms (FindLiveObjects: 0.162900 ms CreateObjectMapping: 0.058600 ms MarkObjects: 1.498200 ms  DeleteObjects: 0.138500 ms)

========================================================================
Received Import Request.
  Time since last request: 847.438533 seconds.
  path: Assets/Prefabs/Obstacle.prefab
  artifactKey: Guid(50a08e015a0c0da4895dd5a27aa86ccb) Importer(815301076,1909f56bfc062723c751e8b465ee728b)
Start importing Assets/Prefabs/Obstacle.prefab using Guid(50a08e015a0c0da4895dd5a27aa86ccb) Importer(815301076,1909f56bfc062723c751e8b465ee728b)  -> (artifact id: '853b883ef06da9ead66a43871ab637f0') in 0.049384 seconds
  Import took 0.052728 seconds .

========================================================================
Received Prepare
Registering precompiled user dll's ...
Registered in 0.001171 seconds.
Begin MonoManager ReloadAssembly
Native extension for WindowsStandalone target not found
Native extension for WebGL target not found
Refreshing native plugins compatible for Editor in 0.31 ms, found 1 plugins.
Preloading 0 native plugins for Editor in 0.00 ms.
Invoked RoslynAnalysisRunner static constructor.
RoslynAnalysisRunner will not be running.
RoslynAnalysisRunner has terminated.
Mono: successfully reloaded assembly
- Completed reload, in  0.842 seconds
Platform modules already initialized, skipping
Refreshing native plugins compatible for Editor in 0.31 ms, found 1 plugins.
Preloading 0 native plugins for Editor in 0.00 ms.
Unloading 1788 Unused Serialized files (Serialized files now loaded: 0)
System memory in use before: 88.4 MB.
System memory in use after: 88.4 MB.

Unloading 12 unused Assets to reduce memory usage. Loaded Objects now: 2321.
Total: 2.080300 ms (FindLiveObjects: 0.301000 ms CreateObjectMapping: 0.081600 ms MarkObjects: 1.608700 ms  DeleteObjects: 0.088200 ms)

========================================================================
Received Import Request.
  Time since last request: 81.326739 seconds.
  path: Assets/Scripts/GameController.cs
  artifactKey: Guid(d2721b53f9591c64fb5ceca974947e1a) Importer(815301076,1909f56bfc062723c751e8b465ee728b)
Start importing Assets/Scripts/GameController.cs using Guid(d2721b53f9591c64fb5ceca974947e1a) Importer(815301076,1909f56bfc062723c751e8b465ee728b)  -> (artifact id: 'fa66846d78148b98ec7223f9b2845488') in 0.003572 seconds
  Import took 0.006428 seconds .

========================================================================
Received Import Request.
  Time since last request: 0.026092 seconds.
  path: Assets/Scripts/GameController.cs
  artifactKey: Guid(d2721b53f9591c64fb5ceca974947e1a) Importer(815301076,1909f56bfc062723c751e8b465ee728b)
Start importing Assets/Scripts/GameController.cs using Guid(d2721b53f9591c64fb5ceca974947e1a) Importer(815301076,1909f56bfc062723c751e8b465ee728b)  -> (artifact id: 'fa66846d78148b98ec7223f9b2845488') in 0.001816 seconds
  Import took 0.004562 seconds .

========================================================================
Received Prepare
Registering precompiled user dll's ...
Registered in 0.001238 seconds.
Begin MonoManager ReloadAssembly
Native extension for WindowsStandalone target not found
Native extension for WebGL target not found
Refreshing native plugins compatible for Editor in 0.32 ms, found 1 plugins.
Preloading 0 native plugins for Editor in 0.00 ms.
Invoked RoslynAnalysisRunner static constructor.
RoslynAnalysisRunner will not be running.
RoslynAnalysisRunner has terminated.
Mono: successfully reloaded assembly
- Completed reload, in  0.761 seconds
Platform modules already initialized, skipping
Refreshing native plugins compatible for Editor in 0.33 ms, found 1 plugins.
Preloading 0 native plugins for Editor in 0.00 ms.
Unloading 1788 Unused Serialized files (Serialized files now loaded: 0)
System memory in use before: 88.5 MB.
System memory in use after: 88.5 MB.

Unloading 12 unused Assets to reduce memory usage. Loaded Objects now: 2324.
Total: 1.925800 ms (FindLiveObjects: 0.178100 ms CreateObjectMapping: 0.063000 ms MarkObjects: 1.597600 ms  DeleteObjects: 0.085900 ms)

========================================================================
Received Import Request.
  Time since last request: 202.001548 seconds.
  path: Assets/Scripts/GameController.cs
  artifactKey: Guid(d2721b53f9591c64fb5ceca974947e1a) Importer(815301076,1909f56bfc062723c751e8b465ee728b)
Start importing Assets/Scripts/GameController.cs using Guid(d2721b53f9591c64fb5ceca974947e1a) Importer(815301076,1909f56bfc062723c751e8b465ee728b)  -> (artifact id: 'db669c168ad371f93ae2acbd0228d130') in 0.003548 seconds
  Import took 0.006191 seconds .

========================================================================
Received Prepare
Registering precompiled user dll's ...
Registered in 0.001030 seconds.
Begin MonoManager ReloadAssembly
Native extension for WindowsStandalone target not found
Native extension for WebGL target not found
Refreshing native plugins compatible for Editor in 0.31 ms, found 1 plugins.
Preloading 0 native plugins for Editor in 0.00 ms.
Invoked RoslynAnalysisRunner static constructor.
RoslynAnalysisRunner will not be running.
RoslynAnalysisRunner has terminated.
Mono: successfully reloaded assembly
- Completed reload, in  0.750 seconds
Platform modules already initialized, skipping
Refreshing native plugins compatible for Editor in 0.32 ms, found 1 plugins.
Preloading 0 native plugins for Editor in 0.00 ms.
Unloading 1788 Unused Serialized files (Serialized files now loaded: 0)
System memory in use before: 88.6 MB.
System memory in use after: 88.6 MB.

Unloading 12 unused Assets to reduce memory usage. Loaded Objects now: 2327.
Total: 2.076300 ms (FindLiveObjects: 0.173100 ms CreateObjectMapping: 0.058500 ms MarkObjects: 1.752200 ms  DeleteObjects: 0.091400 ms)

========================================================================
Received Prepare
Registering precompiled user dll's ...
Registered in 0.001091 seconds.
Begin MonoManager ReloadAssembly
Native extension for WindowsStandalone target not found
Native extension for WebGL target not found
Refreshing native plugins compatible for Editor in 0.32 ms, found 1 plugins.
Preloading 0 native plugins for Editor in 0.00 ms.
Invoked RoslynAnalysisRunner static constructor.
RoslynAnalysisRunner will not be running.
RoslynAnalysisRunner has terminated.
Mono: successfully reloaded assembly
- Completed reload, in  0.765 seconds
Platform modules already initialized, skipping
Refreshing native plugins compatible for Editor in 0.32 ms, found 1 plugins.
Preloading 0 native plugins for Editor in 0.00 ms.
Unloading 1791 Unused Serialized files (Serialized files now loaded: 0)
System memory in use before: 88.7 MB.
System memory in use after: 88.7 MB.

Unloading 12 unused Assets to reduce memory usage. Loaded Objects now: 2330.
Total: 1.813700 ms (FindLiveObjects: 0.161700 ms CreateObjectMapping: 0.060800 ms MarkObjects: 1.505000 ms  DeleteObjects: 0.085500 ms)

========================================================================
Received Prepare
Refreshing native plugins compatible for Editor in 1.72 ms, found 1 plugins.
Preloading 0 native plugins for Editor in 0.00 ms.
Unloading 10 Unused Serialized files (Serialized files now loaded: 0)
System memory in use before: 53.6 MB.
System memory in use after: 53.6 MB.

Unloading 10 unused Assets to reduce memory usage. Loaded Objects now: 2330.
Total: 1.816300 ms (FindLiveObjects: 0.153800 ms CreateObjectMapping: 0.055400 ms MarkObjects: 1.519400 ms  DeleteObjects: 0.087000 ms)

========================================================================
Received Import Request.
  Time since last request: 574.713256 seconds.
  path: Assets/Sprites/lombi.png
  artifactKey: Guid(2404f8013a0451943b82e133e449621f) Importer(815301076,1909f56bfc062723c751e8b465ee728b)
Start importing Assets/Sprites/lombi.png using Guid(2404f8013a0451943b82e133e449621f) Importer(815301076,1909f56bfc062723c751e8b465ee728b)  -> (artifact id: 'e9bb09f683da5db5fb9367b817ec0297') in 0.043980 seconds
  Import took 0.048315 seconds .

========================================================================
Received Import Request.
  Time since last request: 0.000238 seconds.
  path: Assets/Sprites/Rock.png
  artifactKey: Guid(226bcbaf57fdff046b61fca98fa5eb92) Importer(815301076,1909f56bfc062723c751e8b465ee728b)
Start importing Assets/Sprites/Rock.png using Guid(226bcbaf57fdff046b61fca98fa5eb92) Importer(815301076,1909f56bfc062723c751e8b465ee728b)  -> (artifact id: 'b9f01f79d95f55842559fe1572d40fd4') in 0.014817 seconds
  Import took 0.018773 seconds .

========================================================================
Received Import Request.
  Time since last request: 0.000294 seconds.
  path: Assets/Sprites/lombi2.png
  artifactKey: Guid(c98318debe29a7b46b72fd2c296c5517) Importer(815301076,1909f56bfc062723c751e8b465ee728b)
Start importing Assets/Sprites/lombi2.png using Guid(c98318debe29a7b46b72fd2c296c5517) Importer(815301076,1909f56bfc062723c751e8b465ee728b)  -> (artifact id: '548a2d8a8b85c2b02525c3451f91f5d6') in 0.017580 seconds
  Import took 0.021112 seconds .

========================================================================
Received Import Request.
  Time since last request: 0.000226 seconds.
  path: Assets/Sprites/Rocks2.png
  artifactKey: Guid(ed5258f4797787442857ba1365b27f7b) Importer(815301076,1909f56bfc062723c751e8b465ee728b)
Start importing Assets/Sprites/Rocks2.png using Guid(ed5258f4797787442857ba1365b27f7b) Importer(815301076,1909f56bfc062723c751e8b465ee728b)  -> (artifact id: 'd3041488fc89a61fcbdf06d22ba8520c') in 0.013158 seconds
  Import took 0.017818 seconds .

========================================================================
Received Import Request.
  Time since last request: 0.000287 seconds.
  path: Assets/Sprites/superfckdup.png
  artifactKey: Guid(a70965d856af80d42b6373f07e58a846) Importer(815301076,1909f56bfc062723c751e8b465ee728b)
Start importing Assets/Sprites/superfckdup.png using Guid(a70965d856af80d42b6373f07e58a846) Importer(815301076,1909f56bfc062723c751e8b465ee728b)  -> (artifact id: 'eaced6941303169f0c3c55d4e24ae864') in 0.020517 seconds
  Import took 0.024965 seconds .

========================================================================
Received Import Request.
  Time since last request: 0.000255 seconds.
  path: Assets/Sprites/Rocks2.png
  artifactKey: Guid(ed5258f4797787442857ba1365b27f7b) Importer(815301076,1909f56bfc062723c751e8b465ee728b)
Start importing Assets/Sprites/Rocks2.png using Guid(ed5258f4797787442857ba1365b27f7b) Importer(815301076,1909f56bfc062723c751e8b465ee728b)  -> (artifact id: 'd3041488fc89a61fcbdf06d22ba8520c') in 0.016350 seconds
  Import took 0.020701 seconds .

========================================================================
Received Import Request.
  Time since last request: 0.000252 seconds.
  path: Assets/Sprites/superfckdup.png
  artifactKey: Guid(a70965d856af80d42b6373f07e58a846) Importer(815301076,1909f56bfc062723c751e8b465ee728b)
Start importing Assets/Sprites/superfckdup.png using Guid(a70965d856af80d42b6373f07e58a846) Importer(815301076,1909f56bfc062723c751e8b465ee728b)  -> (artifact id: 'eaced6941303169f0c3c55d4e24ae864') in 0.011304 seconds
  Import took 0.014339 seconds .

========================================================================
Received Import Request.
  Time since last request: 69.589197 seconds.
  path: Assets/Sprites/Icon.png
  artifactKey: Guid(952e8057b518fd14ebaeef5cf3efa42f) Importer(815301076,1909f56bfc062723c751e8b465ee728b)
Start importing Assets/Sprites/Icon.png using Guid(952e8057b518fd14ebaeef5cf3efa42f) Importer(815301076,1909f56bfc062723c751e8b465ee728b)  -> (artifact id: '3963b03c2b1eb65ee1a2142d4c137b20') in 0.010738 seconds
  Import took 0.014007 seconds .

========================================================================
Received Prepare
Registering precompiled user dll's ...
Registered in 0.001127 seconds.
Begin MonoManager ReloadAssembly
Native extension for WindowsStandalone target not found
Native extension for WebGL target not found
Refreshing native plugins compatible for Editor in 0.32 ms, found 1 plugins.
Preloading 0 native plugins for Editor in 0.00 ms.
Invoked RoslynAnalysisRunner static constructor.
RoslynAnalysisRunner will not be running.
RoslynAnalysisRunner has terminated.
Mono: successfully reloaded assembly
- Completed reload, in  0.738 seconds
Platform modules already initialized, skipping
Refreshing native plugins compatible for Editor in 0.30 ms, found 1 plugins.
Preloading 0 native plugins for Editor in 0.00 ms.
Unloading 1788 Unused Serialized files (Serialized files now loaded: 0)
System memory in use before: 88.8 MB.
System memory in use after: 88.8 MB.

Unloading 12 unused Assets to reduce memory usage. Loaded Objects now: 2344.
Total: 1.889500 ms (FindLiveObjects: 0.164800 ms CreateObjectMapping: 0.056600 ms MarkObjects: 1.582200 ms  DeleteObjects: 0.085300 ms)

========================================================================
Received Prepare
Registering precompiled user dll's ...
Registered in 0.001080 seconds.
Begin MonoManager ReloadAssembly
Native extension for WindowsStandalone target not found
Native extension for WebGL target not found
Refreshing native plugins compatible for Editor in 0.31 ms, found 1 plugins.
Preloading 0 native plugins for Editor in 0.00 ms.
Invoked RoslynAnalysisRunner static constructor.
RoslynAnalysisRunner will not be running.
RoslynAnalysisRunner has terminated.
Mono: successfully reloaded assembly
- Completed reload, in  0.739 seconds
Platform modules already initialized, skipping
Refreshing native plugins compatible for Editor in 0.30 ms, found 1 plugins.
Preloading 0 native plugins for Editor in 0.00 ms.
Unloading 1788 Unused Serialized files (Serialized files now loaded: 0)
System memory in use before: 88.8 MB.
System memory in use after: 88.8 MB.

Unloading 12 unused Assets to reduce memory usage. Loaded Objects now: 2347.
Total: 1.829300 ms (FindLiveObjects: 0.162000 ms CreateObjectMapping: 0.058400 ms MarkObjects: 1.510000 ms  DeleteObjects: 0.098000 ms)

========================================================================
Received Import Request.
  Time since last request: 56.359985 seconds.
  path: Assets/Prefabs/Ground.prefab
  artifactKey: Guid(27069fff8a46c034a8063cc625ba11c0) Importer(815301076,1909f56bfc062723c751e8b465ee728b)
Start importing Assets/Prefabs/Ground.prefab using Guid(27069fff8a46c034a8063cc625ba11c0) Importer(815301076,1909f56bfc062723c751e8b465ee728b)  -> (artifact id: '3840f631e585bb570faba0ebeda1d324') in 0.044258 seconds
  Import took 0.047097 seconds .

========================================================================
Received Prepare
Registering precompiled user dll's ...
Registered in 0.001056 seconds.
Begin MonoManager ReloadAssembly
Native extension for WindowsStandalone target not found
Native extension for WebGL target not found
Refreshing native plugins compatible for Editor in 0.31 ms, found 1 plugins.
Preloading 0 native plugins for Editor in 0.00 ms.
Invoked RoslynAnalysisRunner static constructor.
RoslynAnalysisRunner will not be running.
RoslynAnalysisRunner has terminated.
Mono: successfully reloaded assembly
- Completed reload, in  0.734 seconds
Platform modules already initialized, skipping
Refreshing native plugins compatible for Editor in 0.31 ms, found 1 plugins.
Preloading 0 native plugins for Editor in 0.00 ms.
Unloading 1788 Unused Serialized files (Serialized files now loaded: 0)
System memory in use before: 88.9 MB.
System memory in use after: 88.9 MB.

Unloading 12 unused Assets to reduce memory usage. Loaded Objects now: 2351.
Total: 1.831700 ms (FindLiveObjects: 0.164300 ms CreateObjectMapping: 0.065300 ms MarkObjects: 1.514000 ms  DeleteObjects: 0.087300 ms)

========================================================================
Received Import Request.
  Time since last request: 225.948062 seconds.
  path: Assets/Sprites/Capture.png
  artifactKey: Guid(98d8909dcfecbf244b2f084c36d34421) Importer(815301076,1909f56bfc062723c751e8b465ee728b)
Start importing Assets/Sprites/Capture.png using Guid(98d8909dcfecbf244b2f084c36d34421) Importer(815301076,1909f56bfc062723c751e8b465ee728b)  -> (artifact id: '12949f37dd14a58db8ec35e7973a466e') in 0.050057 seconds
  Import took 0.053290 seconds .

========================================================================
Received Import Request.
  Time since last request: 0.000250 seconds.
  path: Assets/Sprites/Icon.png
  artifactKey: Guid(952e8057b518fd14ebaeef5cf3efa42f) Importer(815301076,1909f56bfc062723c751e8b465ee728b)
Start importing Assets/Sprites/Icon.png using Guid(952e8057b518fd14ebaeef5cf3efa42f) Importer(815301076,1909f56bfc062723c751e8b465ee728b)  -> (artifact id: 'edc90103865c89600839f6c5658870b7') in 0.008467 seconds
  Import took 0.011290 seconds .

========================================================================
Received Prepare
Registering precompiled user dll's ...
Registered in 0.001036 seconds.
Begin MonoManager ReloadAssembly
Native extension for WindowsStandalone target not found
Native extension for WebGL target not found
Refreshing native plugins compatible for Editor in 0.31 ms, found 1 plugins.
Preloading 0 native plugins for Editor in 0.00 ms.
Invoked RoslynAnalysisRunner static constructor.
RoslynAnalysisRunner will not be running.
RoslynAnalysisRunner has terminated.
Mono: successfully reloaded assembly
- Completed reload, in  0.726 seconds
Platform modules already initialized, skipping
Refreshing native plugins compatible for Editor in 0.31 ms, found 1 plugins.
Preloading 0 native plugins for Editor in 0.00 ms.
Unloading 1788 Unused Serialized files (Serialized files now loaded: 0)
System memory in use before: 89.0 MB.
System memory in use after: 89.0 MB.

Unloading 12 unused Assets to reduce memory usage. Loaded Objects now: 2358.
Total: 1.808000 ms (FindLiveObjects: 0.182200 ms CreateObjectMapping: 0.052500 ms MarkObjects: 1.490400 ms  DeleteObjects: 0.082200 ms)

========================================================================
Received Import Request.
  Time since last request: 85.552838 seconds.
  path: Assets/Scripts/GameController.cs
  artifactKey: Guid(d2721b53f9591c64fb5ceca974947e1a) Importer(815301076,1909f56bfc062723c751e8b465ee728b)
Start importing Assets/Scripts/GameController.cs using Guid(d2721b53f9591c64fb5ceca974947e1a) Importer(815301076,1909f56bfc062723c751e8b465ee728b)  -> (artifact id: '7f0eaf0e8b8b030c955872899c423f05') in 0.003318 seconds
  Import took 0.005934 seconds .

========================================================================
Received Prepare
Registering precompiled user dll's ...
Registered in 0.001102 seconds.
Begin MonoManager ReloadAssembly
Native extension for WindowsStandalone target not found
Native extension for WebGL target not found
Refreshing native plugins compatible for Editor in 0.31 ms, found 1 plugins.
Preloading 0 native plugins for Editor in 0.00 ms.
Invoked RoslynAnalysisRunner static constructor.
RoslynAnalysisRunner will not be running.
RoslynAnalysisRunner has terminated.
Mono: successfully reloaded assembly
- Completed reload, in  0.736 seconds
Platform modules already initialized, skipping
Refreshing native plugins compatible for Editor in 0.30 ms, found 1 plugins.
Preloading 0 native plugins for Editor in 0.00 ms.
Unloading 1788 Unused Serialized files (Serialized files now loaded: 0)
System memory in use before: 89.1 MB.
System memory in use after: 89.1 MB.

Unloading 12 unused Assets to reduce memory usage. Loaded Objects now: 2361.
Total: 1.769800 ms (FindLiveObjects: 0.175100 ms CreateObjectMapping: 0.062800 ms MarkObjects: 1.446800 ms  DeleteObjects: 0.084300 ms)

========================================================================
Received Prepare
Registering precompiled user dll's ...
Registered in 0.001136 seconds.
Begin MonoManager ReloadAssembly
Native extension for WindowsStandalone target not found
Native extension for WebGL target not found
Refreshing native plugins compatible for Editor in 0.31 ms, found 1 plugins.
Preloading 0 native plugins for Editor in 0.00 ms.
Invoked RoslynAnalysisRunner static constructor.
RoslynAnalysisRunner will not be running.
RoslynAnalysisRunner has terminated.
Mono: successfully reloaded assembly
- Completed reload, in  0.743 seconds
Platform modules already initialized, skipping
Refreshing native plugins compatible for Editor in 0.31 ms, found 1 plugins.
Preloading 0 native plugins for Editor in 0.00 ms.
Unloading 1788 Unused Serialized files (Serialized files now loaded: 0)
System memory in use before: 89.1 MB.
System memory in use after: 89.1 MB.

Unloading 12 unused Assets to reduce memory usage. Loaded Objects now: 2364.
Total: 1.808400 ms (FindLiveObjects: 0.158100 ms CreateObjectMapping: 0.057100 ms MarkObjects: 1.508200 ms  DeleteObjects: 0.083900 ms)

========================================================================
Received Prepare
Refreshing native plugins compatible for Editor in 1.74 ms, found 1 plugins.
Preloading 0 native plugins for Editor in 0.00 ms.
Unloading 10 Unused Serialized files (Serialized files now loaded: 0)
System memory in use before: 53.0 MB.
System memory in use after: 53.1 MB.

Unloading 10 unused Assets to reduce memory usage. Loaded Objects now: 2364.
Total: 1.774000 ms (FindLiveObjects: 0.189900 ms CreateObjectMapping: 0.068700 ms MarkObjects: 1.429100 ms  DeleteObjects: 0.085500 ms)

========================================================================
Received Prepare
Registering precompiled user dll's ...
Registered in 0.001058 seconds.
Begin MonoManager ReloadAssembly
Native extension for WindowsStandalone target not found
Native extension for WebGL target not found
Refreshing native plugins compatible for Editor in 0.32 ms, found 1 plugins.
Preloading 0 native plugins for Editor in 0.00 ms.
Invoked RoslynAnalysisRunner static constructor.
RoslynAnalysisRunner will not be running.
RoslynAnalysisRunner has terminated.
Mono: successfully reloaded assembly
- Completed reload, in  0.909 seconds
Platform modules already initialized, skipping
Refreshing native plugins compatible for Editor in 0.33 ms, found 1 plugins.
Preloading 0 native plugins for Editor in 0.00 ms.
Unloading 1792 Unused Serialized files (Serialized files now loaded: 0)
System memory in use before: 88.3 MB.
System memory in use after: 88.3 MB.

Unloading 12 unused Assets to reduce memory usage. Loaded Objects now: 2367.
Total: 1.947500 ms (FindLiveObjects: 0.172800 ms CreateObjectMapping: 0.062700 ms MarkObjects: 1.623700 ms  DeleteObjects: 0.087400 ms)

========================================================================
Received Prepare
Refreshing native plugins compatible for Editor in 1.78 ms, found 1 plugins.
Preloading 0 native plugins for Editor in 0.00 ms.
Unloading 13 Unused Serialized files (Serialized files now loaded: 0)
System memory in use before: 53.2 MB.
System memory in use after: 53.2 MB.

Unloading 10 unused Assets to reduce memory usage. Loaded Objects now: 2367.
Total: 1.874500 ms (FindLiveObjects: 0.175900 ms CreateObjectMapping: 0.071400 ms MarkObjects: 1.541700 ms  DeleteObjects: 0.085000 ms)

========================================================================
Received Prepare
Registering precompiled user dll's ...
Registered in 0.001014 seconds.
Begin MonoManager ReloadAssembly
Native extension for WindowsStandalone target not found
Native extension for WebGL target not found
Refreshing native plugins compatible for Editor in 0.33 ms, found 1 plugins.
Preloading 0 native plugins for Editor in 0.00 ms.
Invoked RoslynAnalysisRunner static constructor.
RoslynAnalysisRunner will not be running.
RoslynAnalysisRunner has terminated.
Mono: successfully reloaded assembly
- Completed reload, in  0.919 seconds
Platform modules already initialized, skipping
Refreshing native plugins compatible for Editor in 0.31 ms, found 1 plugins.
Preloading 0 native plugins for Editor in 0.00 ms.
Unloading 1791 Unused Serialized files (Serialized files now loaded: 0)
System memory in use before: 88.4 MB.
System memory in use after: 88.4 MB.

Unloading 12 unused Assets to reduce memory usage. Loaded Objects now: 2370.
Total: 1.926000 ms (FindLiveObjects: 0.174500 ms CreateObjectMapping: 0.061800 ms MarkObjects: 1.600000 ms  DeleteObjects: 0.088900 ms)

========================================================================
Received Prepare
Registering precompiled user dll's ...
Registered in 0.001116 seconds.
Begin MonoManager ReloadAssembly
Native extension for WindowsStandalone target not found
Native extension for WebGL target not found
Refreshing native plugins compatible for Editor in 0.32 ms, found 1 plugins.
Preloading 0 native plugins for Editor in 0.00 ms.
Invoked RoslynAnalysisRunner static constructor.
RoslynAnalysisRunner will not be running.
RoslynAnalysisRunner has terminated.
Mono: successfully reloaded assembly
- Completed reload, in  0.907 seconds
Platform modules already initialized, skipping
Refreshing native plugins compatible for Editor in 0.30 ms, found 1 plugins.
Preloading 0 native plugins for Editor in 0.00 ms.
Unloading 1792 Unused Serialized files (Serialized files now loaded: 0)
System memory in use before: 88.5 MB.
System memory in use after: 88.5 MB.

Unloading 12 unused Assets to reduce memory usage. Loaded Objects now: 2373.
Total: 1.881800 ms (FindLiveObjects: 0.165200 ms CreateObjectMapping: 0.059500 ms MarkObjects: 1.535300 ms  DeleteObjects: 0.120500 ms)

========================================================================
Received Prepare
Refreshing native plugins compatible for Editor in 1.72 ms, found 1 plugins.
Preloading 0 native plugins for Editor in 0.00 ms.
Unloading 13 Unused Serialized files (Serialized files now loaded: 0)
System memory in use before: 53.4 MB.
System memory in use after: 53.4 MB.

Unloading 10 unused Assets to reduce memory usage. Loaded Objects now: 2373.
Total: 1.843200 ms (FindLiveObjects: 0.175300 ms CreateObjectMapping: 0.058600 ms MarkObjects: 1.486800 ms  DeleteObjects: 0.121800 ms)

AssetImportWorkerClient::OnTransportError - code=2 error=End of file
